TN:
SF:src/addremove.js
FN:1,(anonymous_0)
FN:6,(anonymous_1)
FN:7,(anonymous_2)
FN:13,(anonymous_3)
FN:14,(anonymous_4)
FN:18,(anonymous_5)
FN:19,(anonymous_6)
FN:23,(anonymous_7)
FNF:8
FNH:6
FNDA:2,(anonymous_0)
FNDA:2,(anonymous_1)
FNDA:4,(anonymous_2)
FNDA:2,(anonymous_3)
FNDA:6,(anonymous_4)
FNDA:0,(anonymous_5)
FNDA:0,(anonymous_6)
FNDA:1,(anonymous_7)
DA:1,1
DA:2,2
DA:3,2
DA:6,1
DA:7,2
DA:8,4
DA:10,2
DA:13,1
DA:14,6
DA:15,2
DA:18,1
DA:19,0
DA:20,0
DA:23,1
DA:24,1
DA:25,1
DA:26,1
LF:17
LH:15
BRF:0
BRH:0
end_of_record
TN:
SF:src/status.js
FN:1,isDone
FN:5,isCompleted
FNF:2
FNH:1
FNDA:0,isDone
FNDA:1,isCompleted
DA:2,0
DA:6,1
LF:2
LH:1
BRF:0
BRH:0
end_of_record
